<?xml version="1.0" encoding="UTF-8"?>
<testng-results skipped="0" failed="0" ignored="0" total="1" passed="1">
  <reporter-output>
  </reporter-output>
  <suite name="Default suite" duration-ms="86441" started-at="2021-03-25T20:32:13 IST" finished-at="2021-03-25T20:33:39 IST">
    <groups>
    </groups>
    <test name="Default test" duration-ms="86441" started-at="2021-03-25T20:32:13 IST" finished-at="2021-03-25T20:33:39 IST">
      <class name="Sample.TestExcelUtil">
        <test-method status="PASS" signature="htmlreport()[pri:0, instance:Sample.TestExcelUtil@3b088d51]" name="htmlreport" is-config="true" duration-ms="6810" started-at="2021-03-25T20:32:14 IST" finished-at="2021-03-25T20:32:21 IST">
          <reporter-output>
          </reporter-output>
        </test-method> <!-- htmlreport -->
        <test-method status="PASS" signature="test(java.lang.String, java.lang.String)[pri:0, instance:Sample.TestExcelUtil@3b088d51]" name="test" duration-ms="77555" started-at="2021-03-25T20:32:21 IST" data-provider="test1data" finished-at="2021-03-25T20:33:39 IST">
          <params>
            <param index="0">
              <value>
                <![CDATA[Arjun@cybrilla.com]]>
              </value>
            </param>
            <param index="1">
              <value>
                <![CDATA[Arjun@123]]>
              </value>
            </param>
          </params>
          <reporter-output>
          </reporter-output>
        </test-method> <!-- test -->
        <test-method status="PASS" signature="endReport()[pri:0, instance:Sample.TestExcelUtil@3b088d51]" name="endReport" is-config="true" duration-ms="637" started-at="2021-03-25T20:33:39 IST" finished-at="2021-03-25T20:33:39 IST">
          <reporter-output>
          </reporter-output>
        </test-method> <!-- endReport -->
      </class> <!-- Sample.TestExcelUtil -->
    </test> <!-- Default test -->
  </suite> <!-- Default suite -->
</testng-results>
