<?xml version="1.0" encoding="UTF-8"?>
<testng-results skipped="0" failed="0" ignored="0" total="1" passed="1">
  <reporter-output>
  </reporter-output>
  <suite name="Default suite" duration-ms="72538" started-at="2021-03-31T20:56:42 IST" finished-at="2021-03-31T20:57:55 IST">
    <groups>
    </groups>
    <test name="Default test" duration-ms="72538" started-at="2021-03-31T20:56:42 IST" finished-at="2021-03-31T20:57:55 IST">
      <class name="ExcelUtils.GetExcelData">
        <test-method status="PASS" signature="initDriver()[pri:0, instance:ExcelUtils.GetExcelData@74650e52]" name="initDriver" is-config="true" duration-ms="4336" started-at="2021-03-31T20:56:42 IST" finished-at="2021-03-31T20:56:47 IST">
          <reporter-output>
          </reporter-output>
        </test-method> <!-- initDriver -->
        <test-method status="PASS" signature="setExtent()[pri:0, instance:ExcelUtils.GetExcelData@74650e52]" name="setExtent" is-config="true" duration-ms="229" started-at="2021-03-31T20:56:47 IST" finished-at="2021-03-31T20:56:47 IST">
          <reporter-output>
          </reporter-output>
        </test-method> <!-- setExtent -->
        <test-method status="PASS" signature="test(java.lang.String, java.lang.String)[pri:0, instance:ExcelUtils.GetExcelData@74650e52]" name="test" duration-ms="65797" started-at="2021-03-31T20:56:48 IST" data-provider="test1data" finished-at="2021-03-31T20:57:54 IST">
          <params>
            <param index="0">
              <value>
                <![CDATA[Arjun@cybrilla.com]]>
              </value>
            </param>
            <param index="1">
              <value>
                <![CDATA[Arjun@123]]>
              </value>
            </param>
          </params>
          <reporter-output>
          </reporter-output>
        </test-method> <!-- test -->
        <test-method status="PASS" signature="tearDown(org.testng.ITestResult)[pri:0, instance:ExcelUtils.GetExcelData@74650e52]" name="tearDown" is-config="true" duration-ms="11" started-at="2021-03-31T20:57:54 IST" finished-at="2021-03-31T20:57:54 IST">
          <params>
            <param index="0">
              <value>
                <![CDATA[[TestResult name=test status=SUCCESS method=GetExcelData.test(java.lang.String, java.lang.String)[pri:0, instance:ExcelUtils.GetExcelData@74650e52] output={null}]]]>
              </value>
            </param>
          </params>
          <reporter-output>
          </reporter-output>
        </test-method> <!-- tearDown -->
        <test-method status="PASS" signature="closeBrowser()[pri:0, instance:ExcelUtils.GetExcelData@74650e52]" name="closeBrowser" is-config="true" duration-ms="695" started-at="2021-03-31T20:57:54 IST" finished-at="2021-03-31T20:57:55 IST">
          <reporter-output>
          </reporter-output>
        </test-method> <!-- closeBrowser -->
      </class> <!-- ExcelUtils.GetExcelData -->
    </test> <!-- Default test -->
  </suite> <!-- Default suite -->
</testng-results>
